Determining if the pthread_create exist failed with the following output:
Change Dir: /home/zettanux/Desktop/ETHZ/ShapeModelling/gp18-Bobavince/assignment1/Debug/CMakeFiles/CMakeTmp

Run Build Command:"/bin/make" "cmTC_1e062/fast"
/bin/make -f CMakeFiles/cmTC_1e062.dir/build.make CMakeFiles/cmTC_1e062.dir/build
make[1] : on entre dans le répertoire « /home/zettanux/Desktop/ETHZ/ShapeModelling/gp18-Bobavince/assignment1/Debug/CMakeFiles/CMakeTmp »
Building C object CMakeFiles/cmTC_1e062.dir/CheckSymbolExists.c.o
/bin/cc    -o CMakeFiles/cmTC_1e062.dir/CheckSymbolExists.c.o   -c /home/zettanux/Desktop/ETHZ/ShapeModelling/gp18-Bobavince/assignment1/Debug/CMakeFiles/CMakeTmp/CheckSymbolExists.c
Linking C executable cmTC_1e062
/usr/bin/cmake -E cmake_link_script CMakeFiles/cmTC_1e062.dir/link.txt --verbose=1
/bin/cc      -rdynamic CMakeFiles/cmTC_1e062.dir/CheckSymbolExists.c.o  -o cmTC_1e062 
CMakeFiles/cmTC_1e062.dir/CheckSymbolExists.c.o : Dans la fonction « main » :
CheckSymbolExists.c:(.text+0x1b) : référence indéfinie vers « pthread_create »
collect2: error: ld a retourné le statut de sortie 1
make[1]: *** [CMakeFiles/cmTC_1e062.dir/build.make:98: cmTC_1e062] Error 1
make[1] : on quitte le répertoire « /home/zettanux/Desktop/ETHZ/ShapeModelling/gp18-Bobavince/assignment1/Debug/CMakeFiles/CMakeTmp »
make: *** [Makefile:126: cmTC_1e062/fast] Error 2

File /home/zettanux/Desktop/ETHZ/ShapeModelling/gp18-Bobavince/assignment1/Debug/CMakeFiles/CMakeTmp/CheckSymbolExists.c:
/* */
#include <pthread.h>

int main(int argc, char** argv)
{
  (void)argv;
#ifndef pthread_create
  return ((int*)(&pthread_create))[argc];
#else
  (void)argc;
  return 0;
#endif
}

Determining if the function pthread_create exists in the pthreads failed with the following output:
Change Dir: /home/zettanux/Desktop/ETHZ/ShapeModelling/gp18-Bobavince/assignment1/Debug/CMakeFiles/CMakeTmp

Run Build Command:"/bin/make" "cmTC_d5a6f/fast"
/bin/make -f CMakeFiles/cmTC_d5a6f.dir/build.make CMakeFiles/cmTC_d5a6f.dir/build
make[1] : on entre dans le répertoire « /home/zettanux/Desktop/ETHZ/ShapeModelling/gp18-Bobavince/assignment1/Debug/CMakeFiles/CMakeTmp »
Building C object CMakeFiles/cmTC_d5a6f.dir/CheckFunctionExists.c.o
/bin/cc   -DCHECK_FUNCTION_EXISTS=pthread_create   -o CMakeFiles/cmTC_d5a6f.dir/CheckFunctionExists.c.o   -c /usr/share/cmake-3.10/Modules/CheckFunctionExists.c
Linking C executable cmTC_d5a6f
/usr/bin/cmake -E cmake_link_script CMakeFiles/cmTC_d5a6f.dir/link.txt --verbose=1
/bin/cc  -DCHECK_FUNCTION_EXISTS=pthread_create    -rdynamic CMakeFiles/cmTC_d5a6f.dir/CheckFunctionExists.c.o  -o cmTC_d5a6f -lpthreads 
/bin/ld : ne peut trouver -lpthreads
collect2: error: ld a retourné le statut de sortie 1
make[1]: *** [CMakeFiles/cmTC_d5a6f.dir/build.make:98: cmTC_d5a6f] Error 1
make[1] : on quitte le répertoire « /home/zettanux/Desktop/ETHZ/ShapeModelling/gp18-Bobavince/assignment1/Debug/CMakeFiles/CMakeTmp »
make: *** [Makefile:126: cmTC_d5a6f/fast] Error 2


Determining if the function glXGetProcAddressEXT exists failed with the following output:
Change Dir: /home/zettanux/Desktop/ETHZ/ShapeModelling/gp18-Bobavince/assignment1/Debug/CMakeFiles/CMakeTmp

Run Build Command:"/bin/make" "cmTC_474d4/fast"
/bin/make -f CMakeFiles/cmTC_474d4.dir/build.make CMakeFiles/cmTC_474d4.dir/build
make[1] : on entre dans le répertoire « /home/zettanux/Desktop/ETHZ/ShapeModelling/gp18-Bobavince/assignment1/Debug/CMakeFiles/CMakeTmp »
Building C object CMakeFiles/cmTC_474d4.dir/CheckFunctionExists.c.o
/bin/cc   -DCHECK_FUNCTION_EXISTS=glXGetProcAddressEXT   -o CMakeFiles/cmTC_474d4.dir/CheckFunctionExists.c.o   -c /usr/share/cmake-3.10/Modules/CheckFunctionExists.c
Linking C executable cmTC_474d4
/usr/bin/cmake -E cmake_link_script CMakeFiles/cmTC_474d4.dir/link.txt --verbose=1
/bin/cc  -DCHECK_FUNCTION_EXISTS=glXGetProcAddressEXT    -rdynamic CMakeFiles/cmTC_474d4.dir/CheckFunctionExists.c.o  -o cmTC_474d4 /usr/lib/libGL.so 
CMakeFiles/cmTC_474d4.dir/CheckFunctionExists.c.o : Dans la fonction « main » :
CheckFunctionExists.c:(.text+0x10) : référence indéfinie vers « glXGetProcAddressEXT »
collect2: error: ld a retourné le statut de sortie 1
make[1]: *** [CMakeFiles/cmTC_474d4.dir/build.make:99: cmTC_474d4] Error 1
make[1] : on quitte le répertoire « /home/zettanux/Desktop/ETHZ/ShapeModelling/gp18-Bobavince/assignment1/Debug/CMakeFiles/CMakeTmp »
make: *** [Makefile:126: cmTC_474d4/fast] Error 2


