The system is: Linux - 4.14.5-1-ARCH - x86_64
Compiling the C compiler identification source file "CMakeCCompilerId.c" succeeded.
Compiler: /bin/cc 
Build flags: 
Id flags:  

The output was:
0


Compilation of the C compiler identification source "CMakeCCompilerId.c" produced "a.out"

The C compiler identification is GNU, found in "/home/zettanux/Desktop/ETHZ/ShapeModelling/gp18-Bobavince/assignment1/Debug/CMakeFiles/3.10.1/CompilerIdC/a.out"

Compiling the CXX compiler identification source file "CMakeCXXCompilerId.cpp" succeeded.
Compiler: /bin/c++ 
Build flags: 
Id flags:  

The output was:
0


Compilation of the CXX compiler identification source "CMakeCXXCompilerId.cpp" produced "a.out"

The CXX compiler identification is GNU, found in "/home/zettanux/Desktop/ETHZ/ShapeModelling/gp18-Bobavince/assignment1/Debug/CMakeFiles/3.10.1/CompilerIdCXX/a.out"

Determining if the C compiler works passed with the following output:
Change Dir: /home/zettanux/Desktop/ETHZ/ShapeModelling/gp18-Bobavince/assignment1/Debug/CMakeFiles/CMakeTmp

Run Build Command:"/bin/make" "cmTC_1eb9f/fast"
/bin/make -f CMakeFiles/cmTC_1eb9f.dir/build.make CMakeFiles/cmTC_1eb9f.dir/build
make[1] : on entre dans le répertoire « /home/zettanux/Desktop/ETHZ/ShapeModelling/gp18-Bobavince/assignment1/Debug/CMakeFiles/CMakeTmp »
Building C object CMakeFiles/cmTC_1eb9f.dir/testCCompiler.c.o
/bin/cc    -o CMakeFiles/cmTC_1eb9f.dir/testCCompiler.c.o   -c /home/zettanux/Desktop/ETHZ/ShapeModelling/gp18-Bobavince/assignment1/Debug/CMakeFiles/CMakeTmp/testCCompiler.c
Linking C executable cmTC_1eb9f
/usr/bin/cmake -E cmake_link_script CMakeFiles/cmTC_1eb9f.dir/link.txt --verbose=1
/bin/cc      -rdynamic CMakeFiles/cmTC_1eb9f.dir/testCCompiler.c.o  -o cmTC_1eb9f 
make[1] : on quitte le répertoire « /home/zettanux/Desktop/ETHZ/ShapeModelling/gp18-Bobavince/assignment1/Debug/CMakeFiles/CMakeTmp »


Detecting C compiler ABI info compiled with the following output:
Change Dir: /home/zettanux/Desktop/ETHZ/ShapeModelling/gp18-Bobavince/assignment1/Debug/CMakeFiles/CMakeTmp

Run Build Command:"/bin/make" "cmTC_8707a/fast"
/bin/make -f CMakeFiles/cmTC_8707a.dir/build.make CMakeFiles/cmTC_8707a.dir/build
make[1] : on entre dans le répertoire « /home/zettanux/Desktop/ETHZ/ShapeModelling/gp18-Bobavince/assignment1/Debug/CMakeFiles/CMakeTmp »
Building C object CMakeFiles/cmTC_8707a.dir/CMakeCCompilerABI.c.o
/bin/cc    -o CMakeFiles/cmTC_8707a.dir/CMakeCCompilerABI.c.o   -c /usr/share/cmake-3.10/Modules/CMakeCCompilerABI.c
Linking C executable cmTC_8707a
/usr/bin/cmake -E cmake_link_script CMakeFiles/cmTC_8707a.dir/link.txt --verbose=1
/bin/cc     -v -rdynamic CMakeFiles/cmTC_8707a.dir/CMakeCCompilerABI.c.o  -o cmTC_8707a 
Utilisation des specs internes.
COLLECT_GCC=/bin/cc
COLLECT_LTO_WRAPPER=/usr/lib/gcc/x86_64-pc-linux-gnu/7.2.1/lto-wrapper
Cible : x86_64-pc-linux-gnu
Configuré avec: /build/gcc/src/gcc/configure --prefix=/usr --libdir=/usr/lib --libexecdir=/usr/lib --mandir=/usr/share/man --infodir=/usr/share/info --with-bugurl=https://bugs.archlinux.org/ --enable-languages=c,c++,ada,fortran,go,lto,objc,obj-c++ --enable-shared --enable-threads=posix --enable-libmpx --with-system-zlib --with-isl --enable-__cxa_atexit --disable-libunwind-exceptions --enable-clocale=gnu --disable-libstdcxx-pch --disable-libssp --enable-gnu-unique-object --enable-linker-build-id --enable-lto --enable-plugin --enable-install-libiberty --with-linker-hash-style=gnu --enable-gnu-indirect-function --enable-multilib --disable-werror --enable-checking=release --enable-default-pie --enable-default-ssp
Modèle de thread: posix
gcc version 7.2.1 20171128 (GCC) 
COMPILER_PATH=/usr/lib/gcc/x86_64-pc-linux-gnu/7.2.1/:/usr/lib/gcc/x86_64-pc-linux-gnu/7.2.1/:/usr/lib/gcc/x86_64-pc-linux-gnu/:/usr/lib/gcc/x86_64-pc-linux-gnu/7.2.1/:/usr/lib/gcc/x86_64-pc-linux-gnu/
LIBRARY_PATH=/usr/lib/gcc/x86_64-pc-linux-gnu/7.2.1/:/usr/lib/gcc/x86_64-pc-linux-gnu/7.2.1/../../../../lib/:/lib/../lib/:/usr/lib/../lib/:/usr/lib/gcc/x86_64-pc-linux-gnu/7.2.1/../../../:/lib/:/usr/lib/
COLLECT_GCC_OPTIONS='-v' '-rdynamic' '-o' 'cmTC_8707a' '-mtune=generic' '-march=x86-64'
 /usr/lib/gcc/x86_64-pc-linux-gnu/7.2.1/collect2 -plugin /usr/lib/gcc/x86_64-pc-linux-gnu/7.2.1/liblto_plugin.so -plugin-opt=/usr/lib/gcc/x86_64-pc-linux-gnu/7.2.1/lto-wrapper -plugin-opt=-fresolution=/tmp/ccMhatzk.res -plugin-opt=-pass-through=-lgcc -plugin-opt=-pass-through=-lgcc_s -plugin-opt=-pass-through=-lc -plugin-opt=-pass-through=-lgcc -plugin-opt=-pass-through=-lgcc_s --build-id --eh-frame-hdr --hash-style=gnu -m elf_x86_64 -export-dynamic -dynamic-linker /lib64/ld-linux-x86-64.so.2 -pie -o cmTC_8707a /usr/lib/gcc/x86_64-pc-linux-gnu/7.2.1/../../../../lib/Scrt1.o /usr/lib/gcc/x86_64-pc-linux-gnu/7.2.1/../../../../lib/crti.o /usr/lib/gcc/x86_64-pc-linux-gnu/7.2.1/crtbeginS.o -L/usr/lib/gcc/x86_64-pc-linux-gnu/7.2.1 -L/usr/lib/gcc/x86_64-pc-linux-gnu/7.2.1/../../../../lib -L/lib/../lib -L/usr/lib/../lib -L/usr/lib/gcc/x86_64-pc-linux-gnu/7.2.1/../../.. CMakeFiles/cmTC_8707a.dir/CMakeCCompilerABI.c.o -lgcc --as-needed -lgcc_s --no-as-needed -lc -lgcc --as-needed -lgcc_s --no-as-needed /usr/lib/gcc/x86_64-pc-linux-gnu/7.2.1/crtendS.o /usr/lib/gcc/x86_64-pc-linux-gnu/7.2.1/../../../../lib/crtn.o
COLLECT_GCC_OPTIONS='-v' '-rdynamic' '-o' 'cmTC_8707a' '-mtune=generic' '-march=x86-64'
make[1] : on quitte le répertoire « /home/zettanux/Desktop/ETHZ/ShapeModelling/gp18-Bobavince/assignment1/Debug/CMakeFiles/CMakeTmp »


Parsed C implicit link information from above output:
  link line regex: [^( *|.*[/\])(ld|CMAKE_LINK_STARTFILE-NOTFOUND|([^/\]+-)?ld|collect2)[^/\]*( |$)]
  ignore line: [Change Dir: /home/zettanux/Desktop/ETHZ/ShapeModelling/gp18-Bobavince/assignment1/Debug/CMakeFiles/CMakeTmp]
  ignore line: []
  ignore line: [Run Build Command:"/bin/make" "cmTC_8707a/fast"]
  ignore line: [/bin/make -f CMakeFiles/cmTC_8707a.dir/build.make CMakeFiles/cmTC_8707a.dir/build]
  ignore line: [make[1] : on entre dans le répertoire « /home/zettanux/Desktop/ETHZ/ShapeModelling/gp18-Bobavince/assignment1/Debug/CMakeFiles/CMakeTmp »]
  ignore line: [Building C object CMakeFiles/cmTC_8707a.dir/CMakeCCompilerABI.c.o]
  ignore line: [/bin/cc    -o CMakeFiles/cmTC_8707a.dir/CMakeCCompilerABI.c.o   -c /usr/share/cmake-3.10/Modules/CMakeCCompilerABI.c]
  ignore line: [Linking C executable cmTC_8707a]
  ignore line: [/usr/bin/cmake -E cmake_link_script CMakeFiles/cmTC_8707a.dir/link.txt --verbose=1]
  ignore line: [/bin/cc     -v -rdynamic CMakeFiles/cmTC_8707a.dir/CMakeCCompilerABI.c.o  -o cmTC_8707a ]
  ignore line: [Utilisation des specs internes.]
  ignore line: [COLLECT_GCC=/bin/cc]
  ignore line: [COLLECT_LTO_WRAPPER=/usr/lib/gcc/x86_64-pc-linux-gnu/7.2.1/lto-wrapper]
  ignore line: [Cible : x86_64-pc-linux-gnu]
  ignore line: [Configuré avec: /build/gcc/src/gcc/configure --prefix=/usr --libdir=/usr/lib --libexecdir=/usr/lib --mandir=/usr/share/man --infodir=/usr/share/info --with-bugurl=https://bugs.archlinux.org/ --enable-languages=c,c++,ada,fortran,go,lto,objc,obj-c++ --enable-shared --enable-threads=posix --enable-libmpx --with-system-zlib --with-isl --enable-__cxa_atexit --disable-libunwind-exceptions --enable-clocale=gnu --disable-libstdcxx-pch --disable-libssp --enable-gnu-unique-object --enable-linker-build-id --enable-lto --enable-plugin --enable-install-libiberty --with-linker-hash-style=gnu --enable-gnu-indirect-function --enable-multilib --disable-werror --enable-checking=release --enable-default-pie --enable-default-ssp]
  ignore line: [Modèle de thread: posix]
  ignore line: [gcc version 7.2.1 20171128 (GCC) ]
  ignore line: [COMPILER_PATH=/usr/lib/gcc/x86_64-pc-linux-gnu/7.2.1/:/usr/lib/gcc/x86_64-pc-linux-gnu/7.2.1/:/usr/lib/gcc/x86_64-pc-linux-gnu/:/usr/lib/gcc/x86_64-pc-linux-gnu/7.2.1/:/usr/lib/gcc/x86_64-pc-linux-gnu/]
  ignore line: [LIBRARY_PATH=/usr/lib/gcc/x86_64-pc-linux-gnu/7.2.1/:/usr/lib/gcc/x86_64-pc-linux-gnu/7.2.1/../../../../lib/:/lib/../lib/:/usr/lib/../lib/:/usr/lib/gcc/x86_64-pc-linux-gnu/7.2.1/../../../:/lib/:/usr/lib/]
  ignore line: [COLLECT_GCC_OPTIONS='-v' '-rdynamic' '-o' 'cmTC_8707a' '-mtune=generic' '-march=x86-64']
  link line: [ /usr/lib/gcc/x86_64-pc-linux-gnu/7.2.1/collect2 -plugin /usr/lib/gcc/x86_64-pc-linux-gnu/7.2.1/liblto_plugin.so -plugin-opt=/usr/lib/gcc/x86_64-pc-linux-gnu/7.2.1/lto-wrapper -plugin-opt=-fresolution=/tmp/ccMhatzk.res -plugin-opt=-pass-through=-lgcc -plugin-opt=-pass-through=-lgcc_s -plugin-opt=-pass-through=-lc -plugin-opt=-pass-through=-lgcc -plugin-opt=-pass-through=-lgcc_s --build-id --eh-frame-hdr --hash-style=gnu -m elf_x86_64 -export-dynamic -dynamic-linker /lib64/ld-linux-x86-64.so.2 -pie -o cmTC_8707a /usr/lib/gcc/x86_64-pc-linux-gnu/7.2.1/../../../../lib/Scrt1.o /usr/lib/gcc/x86_64-pc-linux-gnu/7.2.1/../../../../lib/crti.o /usr/lib/gcc/x86_64-pc-linux-gnu/7.2.1/crtbeginS.o -L/usr/lib/gcc/x86_64-pc-linux-gnu/7.2.1 -L/usr/lib/gcc/x86_64-pc-linux-gnu/7.2.1/../../../../lib -L/lib/../lib -L/usr/lib/../lib -L/usr/lib/gcc/x86_64-pc-linux-gnu/7.2.1/../../.. CMakeFiles/cmTC_8707a.dir/CMakeCCompilerABI.c.o -lgcc --as-needed -lgcc_s --no-as-needed -lc -lgcc --as-needed -lgcc_s --no-as-needed /usr/lib/gcc/x86_64-pc-linux-gnu/7.2.1/crtendS.o /usr/lib/gcc/x86_64-pc-linux-gnu/7.2.1/../../../../lib/crtn.o]
    arg [/usr/lib/gcc/x86_64-pc-linux-gnu/7.2.1/collect2] ==> ignore
    arg [-plugin] ==> ignore
    arg [/usr/lib/gcc/x86_64-pc-linux-gnu/7.2.1/liblto_plugin.so] ==> ignore
    arg [-plugin-opt=/usr/lib/gcc/x86_64-pc-linux-gnu/7.2.1/lto-wrapper] ==> ignore
    arg [-plugin-opt=-fresolution=/tmp/ccMhatzk.res] ==> ignore
    arg [-plugin-opt=-pass-through=-lgcc] ==> ignore
    arg [-plugin-opt=-pass-through=-lgcc_s] ==> ignore
    arg [-plugin-opt=-pass-through=-lc] ==> ignore
    arg [-plugin-opt=-pass-through=-lgcc] ==> ignore
    arg [-plugin-opt=-pass-through=-lgcc_s] ==> ignore
    arg [--build-id] ==> ignore
    arg [--eh-frame-hdr] ==> ignore
    arg [--hash-style=gnu] ==> ignore
    arg [-m] ==> ignore
    arg [elf_x86_64] ==> ignore
    arg [-export-dynamic] ==> ignore
    arg [-dynamic-linker] ==> ignore
    arg [/lib64/ld-linux-x86-64.so.2] ==> ignore
    arg [-pie] ==> ignore
    arg [-o] ==> ignore
    arg [cmTC_8707a] ==> ignore
    arg [/usr/lib/gcc/x86_64-pc-linux-gnu/7.2.1/../../../../lib/Scrt1.o] ==> ignore
    arg [/usr/lib/gcc/x86_64-pc-linux-gnu/7.2.1/../../../../lib/crti.o] ==> ignore
    arg [/usr/lib/gcc/x86_64-pc-linux-gnu/7.2.1/crtbeginS.o] ==> ignore
    arg [-L/usr/lib/gcc/x86_64-pc-linux-gnu/7.2.1] ==> dir [/usr/lib/gcc/x86_64-pc-linux-gnu/7.2.1]
    arg [-L/usr/lib/gcc/x86_64-pc-linux-gnu/7.2.1/../../../../lib] ==> dir [/usr/lib/gcc/x86_64-pc-linux-gnu/7.2.1/../../../../lib]
    arg [-L/lib/../lib] ==> dir [/lib/../lib]
    arg [-L/usr/lib/../lib] ==> dir [/usr/lib/../lib]
    arg [-L/usr/lib/gcc/x86_64-pc-linux-gnu/7.2.1/../../..] ==> dir [/usr/lib/gcc/x86_64-pc-linux-gnu/7.2.1/../../..]
    arg [CMakeFiles/cmTC_8707a.dir/CMakeCCompilerABI.c.o] ==> ignore
    arg [-lgcc] ==> lib [gcc]
    arg [--as-needed] ==> ignore
    arg [-lgcc_s] ==> lib [gcc_s]
    arg [--no-as-needed] ==> ignore
    arg [-lc] ==> lib [c]
    arg [-lgcc] ==> lib [gcc]
    arg [--as-needed] ==> ignore
    arg [-lgcc_s] ==> lib [gcc_s]
    arg [--no-as-needed] ==> ignore
    arg [/usr/lib/gcc/x86_64-pc-linux-gnu/7.2.1/crtendS.o] ==> ignore
    arg [/usr/lib/gcc/x86_64-pc-linux-gnu/7.2.1/../../../../lib/crtn.o] ==> ignore
  collapse library dir [/usr/lib/gcc/x86_64-pc-linux-gnu/7.2.1] ==> [/usr/lib/gcc/x86_64-pc-linux-gnu/7.2.1]
  collapse library dir [/usr/lib/gcc/x86_64-pc-linux-gnu/7.2.1/../../../../lib] ==> [/usr/lib]
  collapse library dir [/lib/../lib] ==> [/lib]
  collapse library dir [/usr/lib/../lib] ==> [/usr/lib]
  collapse library dir [/usr/lib/gcc/x86_64-pc-linux-gnu/7.2.1/../../..] ==> [/usr/lib]
  implicit libs: [gcc;gcc_s;c;gcc;gcc_s]
  implicit dirs: [/usr/lib/gcc/x86_64-pc-linux-gnu/7.2.1;/usr/lib;/lib]
  implicit fwks: []




Detecting C [-std=c11] compiler features compiled with the following output:
Change Dir: /home/zettanux/Desktop/ETHZ/ShapeModelling/gp18-Bobavince/assignment1/Debug/CMakeFiles/CMakeTmp

Run Build Command:"/bin/make" "cmTC_3ee45/fast"
/bin/make -f CMakeFiles/cmTC_3ee45.dir/build.make CMakeFiles/cmTC_3ee45.dir/build
make[1] : on entre dans le répertoire « /home/zettanux/Desktop/ETHZ/ShapeModelling/gp18-Bobavince/assignment1/Debug/CMakeFiles/CMakeTmp »
Building C object CMakeFiles/cmTC_3ee45.dir/feature_tests.c.o
/bin/cc   -std=c11 -o CMakeFiles/cmTC_3ee45.dir/feature_tests.c.o   -c /home/zettanux/Desktop/ETHZ/ShapeModelling/gp18-Bobavince/assignment1/Debug/CMakeFiles/feature_tests.c
Linking C executable cmTC_3ee45
/usr/bin/cmake -E cmake_link_script CMakeFiles/cmTC_3ee45.dir/link.txt --verbose=1
/bin/cc      -rdynamic CMakeFiles/cmTC_3ee45.dir/feature_tests.c.o  -o cmTC_3ee45 
make[1] : on quitte le répertoire « /home/zettanux/Desktop/ETHZ/ShapeModelling/gp18-Bobavince/assignment1/Debug/CMakeFiles/CMakeTmp »


    Feature record: C_FEATURE:1c_function_prototypes
    Feature record: C_FEATURE:1c_restrict
    Feature record: C_FEATURE:1c_static_assert
    Feature record: C_FEATURE:1c_variadic_macros


Detecting C [-std=c99] compiler features compiled with the following output:
Change Dir: /home/zettanux/Desktop/ETHZ/ShapeModelling/gp18-Bobavince/assignment1/Debug/CMakeFiles/CMakeTmp

Run Build Command:"/bin/make" "cmTC_fad77/fast"
/bin/make -f CMakeFiles/cmTC_fad77.dir/build.make CMakeFiles/cmTC_fad77.dir/build
make[1] : on entre dans le répertoire « /home/zettanux/Desktop/ETHZ/ShapeModelling/gp18-Bobavince/assignment1/Debug/CMakeFiles/CMakeTmp »
Building C object CMakeFiles/cmTC_fad77.dir/feature_tests.c.o
/bin/cc   -std=c99 -o CMakeFiles/cmTC_fad77.dir/feature_tests.c.o   -c /home/zettanux/Desktop/ETHZ/ShapeModelling/gp18-Bobavince/assignment1/Debug/CMakeFiles/feature_tests.c
Linking C executable cmTC_fad77
/usr/bin/cmake -E cmake_link_script CMakeFiles/cmTC_fad77.dir/link.txt --verbose=1
/bin/cc      -rdynamic CMakeFiles/cmTC_fad77.dir/feature_tests.c.o  -o cmTC_fad77 
make[1] : on quitte le répertoire « /home/zettanux/Desktop/ETHZ/ShapeModelling/gp18-Bobavince/assignment1/Debug/CMakeFiles/CMakeTmp »


    Feature record: C_FEATURE:1c_function_prototypes
    Feature record: C_FEATURE:1c_restrict
    Feature record: C_FEATURE:0c_static_assert
    Feature record: C_FEATURE:1c_variadic_macros


Detecting C [-std=c90] compiler features compiled with the following output:
Change Dir: /home/zettanux/Desktop/ETHZ/ShapeModelling/gp18-Bobavince/assignment1/Debug/CMakeFiles/CMakeTmp

Run Build Command:"/bin/make" "cmTC_9c0ad/fast"
/bin/make -f CMakeFiles/cmTC_9c0ad.dir/build.make CMakeFiles/cmTC_9c0ad.dir/build
make[1] : on entre dans le répertoire « /home/zettanux/Desktop/ETHZ/ShapeModelling/gp18-Bobavince/assignment1/Debug/CMakeFiles/CMakeTmp »
Building C object CMakeFiles/cmTC_9c0ad.dir/feature_tests.c.o
/bin/cc   -std=c90 -o CMakeFiles/cmTC_9c0ad.dir/feature_tests.c.o   -c /home/zettanux/Desktop/ETHZ/ShapeModelling/gp18-Bobavince/assignment1/Debug/CMakeFiles/feature_tests.c
Linking C executable cmTC_9c0ad
/usr/bin/cmake -E cmake_link_script CMakeFiles/cmTC_9c0ad.dir/link.txt --verbose=1
/bin/cc      -rdynamic CMakeFiles/cmTC_9c0ad.dir/feature_tests.c.o  -o cmTC_9c0ad 
make[1] : on quitte le répertoire « /home/zettanux/Desktop/ETHZ/ShapeModelling/gp18-Bobavince/assignment1/Debug/CMakeFiles/CMakeTmp »


    Feature record: C_FEATURE:1c_function_prototypes
    Feature record: C_FEATURE:0c_restrict
    Feature record: C_FEATURE:0c_static_assert
    Feature record: C_FEATURE:0c_variadic_macros
Determining if the CXX compiler works passed with the following output:
Change Dir: /home/zettanux/Desktop/ETHZ/ShapeModelling/gp18-Bobavince/assignment1/Debug/CMakeFiles/CMakeTmp

Run Build Command:"/bin/make" "cmTC_dd1a0/fast"
/bin/make -f CMakeFiles/cmTC_dd1a0.dir/build.make CMakeFiles/cmTC_dd1a0.dir/build
make[1] : on entre dans le répertoire « /home/zettanux/Desktop/ETHZ/ShapeModelling/gp18-Bobavince/assignment1/Debug/CMakeFiles/CMakeTmp »
Building CXX object CMakeFiles/cmTC_dd1a0.dir/testCXXCompiler.cxx.o
/bin/c++     -o CMakeFiles/cmTC_dd1a0.dir/testCXXCompiler.cxx.o -c /home/zettanux/Desktop/ETHZ/ShapeModelling/gp18-Bobavince/assignment1/Debug/CMakeFiles/CMakeTmp/testCXXCompiler.cxx
Linking CXX executable cmTC_dd1a0
/usr/bin/cmake -E cmake_link_script CMakeFiles/cmTC_dd1a0.dir/link.txt --verbose=1
/bin/c++       -rdynamic CMakeFiles/cmTC_dd1a0.dir/testCXXCompiler.cxx.o  -o cmTC_dd1a0 
make[1] : on quitte le répertoire « /home/zettanux/Desktop/ETHZ/ShapeModelling/gp18-Bobavince/assignment1/Debug/CMakeFiles/CMakeTmp »


Detecting CXX compiler ABI info compiled with the following output:
Change Dir: /home/zettanux/Desktop/ETHZ/ShapeModelling/gp18-Bobavince/assignment1/Debug/CMakeFiles/CMakeTmp

Run Build Command:"/bin/make" "cmTC_eff95/fast"
/bin/make -f CMakeFiles/cmTC_eff95.dir/build.make CMakeFiles/cmTC_eff95.dir/build
make[1] : on entre dans le répertoire « /home/zettanux/Desktop/ETHZ/ShapeModelling/gp18-Bobavince/assignment1/Debug/CMakeFiles/CMakeTmp »
Building CXX object CMakeFiles/cmTC_eff95.dir/CMakeCXXCompilerABI.cpp.o
/bin/c++     -o CMakeFiles/cmTC_eff95.dir/CMakeCXXCompilerABI.cpp.o -c /usr/share/cmake-3.10/Modules/CMakeCXXCompilerABI.cpp
Linking CXX executable cmTC_eff95
/usr/bin/cmake -E cmake_link_script CMakeFiles/cmTC_eff95.dir/link.txt --verbose=1
/bin/c++      -v -rdynamic CMakeFiles/cmTC_eff95.dir/CMakeCXXCompilerABI.cpp.o  -o cmTC_eff95 
Utilisation des specs internes.
COLLECT_GCC=/bin/c++
COLLECT_LTO_WRAPPER=/usr/lib/gcc/x86_64-pc-linux-gnu/7.2.1/lto-wrapper
Cible : x86_64-pc-linux-gnu
Configuré avec: /build/gcc/src/gcc/configure --prefix=/usr --libdir=/usr/lib --libexecdir=/usr/lib --mandir=/usr/share/man --infodir=/usr/share/info --with-bugurl=https://bugs.archlinux.org/ --enable-languages=c,c++,ada,fortran,go,lto,objc,obj-c++ --enable-shared --enable-threads=posix --enable-libmpx --with-system-zlib --with-isl --enable-__cxa_atexit --disable-libunwind-exceptions --enable-clocale=gnu --disable-libstdcxx-pch --disable-libssp --enable-gnu-unique-object --enable-linker-build-id --enable-lto --enable-plugin --enable-install-libiberty --with-linker-hash-style=gnu --enable-gnu-indirect-function --enable-multilib --disable-werror --enable-checking=release --enable-default-pie --enable-default-ssp
Modèle de thread: posix
gcc version 7.2.1 20171128 (GCC) 
COMPILER_PATH=/usr/lib/gcc/x86_64-pc-linux-gnu/7.2.1/:/usr/lib/gcc/x86_64-pc-linux-gnu/7.2.1/:/usr/lib/gcc/x86_64-pc-linux-gnu/:/usr/lib/gcc/x86_64-pc-linux-gnu/7.2.1/:/usr/lib/gcc/x86_64-pc-linux-gnu/
LIBRARY_PATH=/usr/lib/gcc/x86_64-pc-linux-gnu/7.2.1/:/usr/lib/gcc/x86_64-pc-linux-gnu/7.2.1/../../../../lib/:/lib/../lib/:/usr/lib/../lib/:/usr/lib/gcc/x86_64-pc-linux-gnu/7.2.1/../../../:/lib/:/usr/lib/
COLLECT_GCC_OPTIONS='-v' '-rdynamic' '-o' 'cmTC_eff95' '-shared-libgcc' '-mtune=generic' '-march=x86-64'
 /usr/lib/gcc/x86_64-pc-linux-gnu/7.2.1/collect2 -plugin /usr/lib/gcc/x86_64-pc-linux-gnu/7.2.1/liblto_plugin.so -plugin-opt=/usr/lib/gcc/x86_64-pc-linux-gnu/7.2.1/lto-wrapper -plugin-opt=-fresolution=/tmp/ccEGKB8D.res -plugin-opt=-pass-through=-lgcc_s -plugin-opt=-pass-through=-lgcc -plugin-opt=-pass-through=-lc -plugin-opt=-pass-through=-lgcc_s -plugin-opt=-pass-through=-lgcc --build-id --eh-frame-hdr --hash-style=gnu -m elf_x86_64 -export-dynamic -dynamic-linker /lib64/ld-linux-x86-64.so.2 -pie -o cmTC_eff95 /usr/lib/gcc/x86_64-pc-linux-gnu/7.2.1/../../../../lib/Scrt1.o /usr/lib/gcc/x86_64-pc-linux-gnu/7.2.1/../../../../lib/crti.o /usr/lib/gcc/x86_64-pc-linux-gnu/7.2.1/crtbeginS.o -L/usr/lib/gcc/x86_64-pc-linux-gnu/7.2.1 -L/usr/lib/gcc/x86_64-pc-linux-gnu/7.2.1/../../../../lib -L/lib/../lib -L/usr/lib/../lib -L/usr/lib/gcc/x86_64-pc-linux-gnu/7.2.1/../../.. CMakeFiles/cmTC_eff95.dir/CMakeCXXCompilerABI.cpp.o -lstdc++ -lm -lgcc_s -lgcc -lc -lgcc_s -lgcc /usr/lib/gcc/x86_64-pc-linux-gnu/7.2.1/crtendS.o /usr/lib/gcc/x86_64-pc-linux-gnu/7.2.1/../../../../lib/crtn.o
COLLECT_GCC_OPTIONS='-v' '-rdynamic' '-o' 'cmTC_eff95' '-shared-libgcc' '-mtune=generic' '-march=x86-64'
make[1] : on quitte le répertoire « /home/zettanux/Desktop/ETHZ/ShapeModelling/gp18-Bobavince/assignment1/Debug/CMakeFiles/CMakeTmp »


Parsed CXX implicit link information from above output:
  link line regex: [^( *|.*[/\])(ld|CMAKE_LINK_STARTFILE-NOTFOUND|([^/\]+-)?ld|collect2)[^/\]*( |$)]
  ignore line: [Change Dir: /home/zettanux/Desktop/ETHZ/ShapeModelling/gp18-Bobavince/assignment1/Debug/CMakeFiles/CMakeTmp]
  ignore line: []
  ignore line: [Run Build Command:"/bin/make" "cmTC_eff95/fast"]
  ignore line: [/bin/make -f CMakeFiles/cmTC_eff95.dir/build.make CMakeFiles/cmTC_eff95.dir/build]
  ignore line: [make[1] : on entre dans le répertoire « /home/zettanux/Desktop/ETHZ/ShapeModelling/gp18-Bobavince/assignment1/Debug/CMakeFiles/CMakeTmp »]
  ignore line: [Building CXX object CMakeFiles/cmTC_eff95.dir/CMakeCXXCompilerABI.cpp.o]
  ignore line: [/bin/c++     -o CMakeFiles/cmTC_eff95.dir/CMakeCXXCompilerABI.cpp.o -c /usr/share/cmake-3.10/Modules/CMakeCXXCompilerABI.cpp]
  ignore line: [Linking CXX executable cmTC_eff95]
  ignore line: [/usr/bin/cmake -E cmake_link_script CMakeFiles/cmTC_eff95.dir/link.txt --verbose=1]
  ignore line: [/bin/c++      -v -rdynamic CMakeFiles/cmTC_eff95.dir/CMakeCXXCompilerABI.cpp.o  -o cmTC_eff95 ]
  ignore line: [Utilisation des specs internes.]
  ignore line: [COLLECT_GCC=/bin/c++]
  ignore line: [COLLECT_LTO_WRAPPER=/usr/lib/gcc/x86_64-pc-linux-gnu/7.2.1/lto-wrapper]
  ignore line: [Cible : x86_64-pc-linux-gnu]
  ignore line: [Configuré avec: /build/gcc/src/gcc/configure --prefix=/usr --libdir=/usr/lib --libexecdir=/usr/lib --mandir=/usr/share/man --infodir=/usr/share/info --with-bugurl=https://bugs.archlinux.org/ --enable-languages=c,c++,ada,fortran,go,lto,objc,obj-c++ --enable-shared --enable-threads=posix --enable-libmpx --with-system-zlib --with-isl --enable-__cxa_atexit --disable-libunwind-exceptions --enable-clocale=gnu --disable-libstdcxx-pch --disable-libssp --enable-gnu-unique-object --enable-linker-build-id --enable-lto --enable-plugin --enable-install-libiberty --with-linker-hash-style=gnu --enable-gnu-indirect-function --enable-multilib --disable-werror --enable-checking=release --enable-default-pie --enable-default-ssp]
  ignore line: [Modèle de thread: posix]
  ignore line: [gcc version 7.2.1 20171128 (GCC) ]
  ignore line: [COMPILER_PATH=/usr/lib/gcc/x86_64-pc-linux-gnu/7.2.1/:/usr/lib/gcc/x86_64-pc-linux-gnu/7.2.1/:/usr/lib/gcc/x86_64-pc-linux-gnu/:/usr/lib/gcc/x86_64-pc-linux-gnu/7.2.1/:/usr/lib/gcc/x86_64-pc-linux-gnu/]
  ignore line: [LIBRARY_PATH=/usr/lib/gcc/x86_64-pc-linux-gnu/7.2.1/:/usr/lib/gcc/x86_64-pc-linux-gnu/7.2.1/../../../../lib/:/lib/../lib/:/usr/lib/../lib/:/usr/lib/gcc/x86_64-pc-linux-gnu/7.2.1/../../../:/lib/:/usr/lib/]
  ignore line: [COLLECT_GCC_OPTIONS='-v' '-rdynamic' '-o' 'cmTC_eff95' '-shared-libgcc' '-mtune=generic' '-march=x86-64']
  link line: [ /usr/lib/gcc/x86_64-pc-linux-gnu/7.2.1/collect2 -plugin /usr/lib/gcc/x86_64-pc-linux-gnu/7.2.1/liblto_plugin.so -plugin-opt=/usr/lib/gcc/x86_64-pc-linux-gnu/7.2.1/lto-wrapper -plugin-opt=-fresolution=/tmp/ccEGKB8D.res -plugin-opt=-pass-through=-lgcc_s -plugin-opt=-pass-through=-lgcc -plugin-opt=-pass-through=-lc -plugin-opt=-pass-through=-lgcc_s -plugin-opt=-pass-through=-lgcc --build-id --eh-frame-hdr --hash-style=gnu -m elf_x86_64 -export-dynamic -dynamic-linker /lib64/ld-linux-x86-64.so.2 -pie -o cmTC_eff95 /usr/lib/gcc/x86_64-pc-linux-gnu/7.2.1/../../../../lib/Scrt1.o /usr/lib/gcc/x86_64-pc-linux-gnu/7.2.1/../../../../lib/crti.o /usr/lib/gcc/x86_64-pc-linux-gnu/7.2.1/crtbeginS.o -L/usr/lib/gcc/x86_64-pc-linux-gnu/7.2.1 -L/usr/lib/gcc/x86_64-pc-linux-gnu/7.2.1/../../../../lib -L/lib/../lib -L/usr/lib/../lib -L/usr/lib/gcc/x86_64-pc-linux-gnu/7.2.1/../../.. CMakeFiles/cmTC_eff95.dir/CMakeCXXCompilerABI.cpp.o -lstdc++ -lm -lgcc_s -lgcc -lc -lgcc_s -lgcc /usr/lib/gcc/x86_64-pc-linux-gnu/7.2.1/crtendS.o /usr/lib/gcc/x86_64-pc-linux-gnu/7.2.1/../../../../lib/crtn.o]
    arg [/usr/lib/gcc/x86_64-pc-linux-gnu/7.2.1/collect2] ==> ignore
    arg [-plugin] ==> ignore
    arg [/usr/lib/gcc/x86_64-pc-linux-gnu/7.2.1/liblto_plugin.so] ==> ignore
    arg [-plugin-opt=/usr/lib/gcc/x86_64-pc-linux-gnu/7.2.1/lto-wrapper] ==> ignore
    arg [-plugin-opt=-fresolution=/tmp/ccEGKB8D.res] ==> ignore
    arg [-plugin-opt=-pass-through=-lgcc_s] ==> ignore
    arg [-plugin-opt=-pass-through=-lgcc] ==> ignore
    arg [-plugin-opt=-pass-through=-lc] ==> ignore
    arg [-plugin-opt=-pass-through=-lgcc_s] ==> ignore
    arg [-plugin-opt=-pass-through=-lgcc] ==> ignore
    arg [--build-id] ==> ignore
    arg [--eh-frame-hdr] ==> ignore
    arg [--hash-style=gnu] ==> ignore
    arg [-m] ==> ignore
    arg [elf_x86_64] ==> ignore
    arg [-export-dynamic] ==> ignore
    arg [-dynamic-linker] ==> ignore
    arg [/lib64/ld-linux-x86-64.so.2] ==> ignore
    arg [-pie] ==> ignore
    arg [-o] ==> ignore
    arg [cmTC_eff95] ==> ignore
    arg [/usr/lib/gcc/x86_64-pc-linux-gnu/7.2.1/../../../../lib/Scrt1.o] ==> ignore
    arg [/usr/lib/gcc/x86_64-pc-linux-gnu/7.2.1/../../../../lib/crti.o] ==> ignore
    arg [/usr/lib/gcc/x86_64-pc-linux-gnu/7.2.1/crtbeginS.o] ==> ignore
    arg [-L/usr/lib/gcc/x86_64-pc-linux-gnu/7.2.1] ==> dir [/usr/lib/gcc/x86_64-pc-linux-gnu/7.2.1]
    arg [-L/usr/lib/gcc/x86_64-pc-linux-gnu/7.2.1/../../../../lib] ==> dir [/usr/lib/gcc/x86_64-pc-linux-gnu/7.2.1/../../../../lib]
    arg [-L/lib/../lib] ==> dir [/lib/../lib]
    arg [-L/usr/lib/../lib] ==> dir [/usr/lib/../lib]
    arg [-L/usr/lib/gcc/x86_64-pc-linux-gnu/7.2.1/../../..] ==> dir [/usr/lib/gcc/x86_64-pc-linux-gnu/7.2.1/../../..]
    arg [CMakeFiles/cmTC_eff95.dir/CMakeCXXCompilerABI.cpp.o] ==> ignore
    arg [-lstdc++] ==> lib [stdc++]
    arg [-lm] ==> lib [m]
    arg [-lgcc_s] ==> lib [gcc_s]
    arg [-lgcc] ==> lib [gcc]
    arg [-lc] ==> lib [c]
    arg [-lgcc_s] ==> lib [gcc_s]
    arg [-lgcc] ==> lib [gcc]
    arg [/usr/lib/gcc/x86_64-pc-linux-gnu/7.2.1/crtendS.o] ==> ignore
    arg [/usr/lib/gcc/x86_64-pc-linux-gnu/7.2.1/../../../../lib/crtn.o] ==> ignore
  collapse library dir [/usr/lib/gcc/x86_64-pc-linux-gnu/7.2.1] ==> [/usr/lib/gcc/x86_64-pc-linux-gnu/7.2.1]
  collapse library dir [/usr/lib/gcc/x86_64-pc-linux-gnu/7.2.1/../../../../lib] ==> [/usr/lib]
  collapse library dir [/lib/../lib] ==> [/lib]
  collapse library dir [/usr/lib/../lib] ==> [/usr/lib]
  collapse library dir [/usr/lib/gcc/x86_64-pc-linux-gnu/7.2.1/../../..] ==> [/usr/lib]
  implicit libs: [stdc++;m;gcc_s;gcc;c;gcc_s;gcc]
  implicit dirs: [/usr/lib/gcc/x86_64-pc-linux-gnu/7.2.1;/usr/lib;/lib]
  implicit fwks: []




Detecting CXX [-std=c++1z] compiler features compiled with the following output:
Change Dir: /home/zettanux/Desktop/ETHZ/ShapeModelling/gp18-Bobavince/assignment1/Debug/CMakeFiles/CMakeTmp

Run Build Command:"/bin/make" "cmTC_1b486/fast"
/bin/make -f CMakeFiles/cmTC_1b486.dir/build.make CMakeFiles/cmTC_1b486.dir/build
make[1] : on entre dans le répertoire « /home/zettanux/Desktop/ETHZ/ShapeModelling/gp18-Bobavince/assignment1/Debug/CMakeFiles/CMakeTmp »
Building CXX object CMakeFiles/cmTC_1b486.dir/feature_tests.cxx.o
/bin/c++    -std=c++1z -o CMakeFiles/cmTC_1b486.dir/feature_tests.cxx.o -c /home/zettanux/Desktop/ETHZ/ShapeModelling/gp18-Bobavince/assignment1/Debug/CMakeFiles/feature_tests.cxx
Linking CXX executable cmTC_1b486
/usr/bin/cmake -E cmake_link_script CMakeFiles/cmTC_1b486.dir/link.txt --verbose=1
/bin/c++       -rdynamic CMakeFiles/cmTC_1b486.dir/feature_tests.cxx.o  -o cmTC_1b486 
make[1] : on quitte le répertoire « /home/zettanux/Desktop/ETHZ/ShapeModelling/gp18-Bobavince/assignment1/Debug/CMakeFiles/CMakeTmp »


    Feature record: CXX_FEATURE:1cxx_aggregate_default_initializers
    Feature record: CXX_FEATURE:1cxx_alias_templates
    Feature record: CXX_FEATURE:1cxx_alignas
    Feature record: CXX_FEATURE:1cxx_alignof
    Feature record: CXX_FEATURE:1cxx_attributes
    Feature record: CXX_FEATURE:1cxx_attribute_deprecated
    Feature record: CXX_FEATURE:1cxx_auto_type
    Feature record: CXX_FEATURE:1cxx_binary_literals
    Feature record: CXX_FEATURE:1cxx_constexpr
    Feature record: CXX_FEATURE:1cxx_contextual_conversions
    Feature record: CXX_FEATURE:1cxx_decltype
    Feature record: CXX_FEATURE:1cxx_decltype_auto
    Feature record: CXX_FEATURE:1cxx_decltype_incomplete_return_types
    Feature record: CXX_FEATURE:1cxx_default_function_template_args
    Feature record: CXX_FEATURE:1cxx_defaulted_functions
    Feature record: CXX_FEATURE:1cxx_defaulted_move_initializers
    Feature record: CXX_FEATURE:1cxx_delegating_constructors
    Feature record: CXX_FEATURE:1cxx_deleted_functions
    Feature record: CXX_FEATURE:1cxx_digit_separators
    Feature record: CXX_FEATURE:1cxx_enum_forward_declarations
    Feature record: CXX_FEATURE:1cxx_explicit_conversions
    Feature record: CXX_FEATURE:1cxx_extended_friend_declarations
    Feature record: CXX_FEATURE:1cxx_extern_templates
    Feature record: CXX_FEATURE:1cxx_final
    Feature record: CXX_FEATURE:1cxx_func_identifier
    Feature record: CXX_FEATURE:1cxx_generalized_initializers
    Feature record: CXX_FEATURE:1cxx_generic_lambdas
    Feature record: CXX_FEATURE:1cxx_inheriting_constructors
    Feature record: CXX_FEATURE:1cxx_inline_namespaces
    Feature record: CXX_FEATURE:1cxx_lambdas
    Feature record: CXX_FEATURE:1cxx_lambda_init_captures
    Feature record: CXX_FEATURE:1cxx_local_type_template_args
    Feature record: CXX_FEATURE:1cxx_long_long_type
    Feature record: CXX_FEATURE:1cxx_noexcept
    Feature record: CXX_FEATURE:1cxx_nonstatic_member_init
    Feature record: CXX_FEATURE:1cxx_nullptr
    Feature record: CXX_FEATURE:1cxx_override
    Feature record: CXX_FEATURE:1cxx_range_for
    Feature record: CXX_FEATURE:1cxx_raw_string_literals
    Feature record: CXX_FEATURE:1cxx_reference_qualified_functions
    Feature record: CXX_FEATURE:1cxx_relaxed_constexpr
    Feature record: CXX_FEATURE:1cxx_return_type_deduction
    Feature record: CXX_FEATURE:1cxx_right_angle_brackets
    Feature record: CXX_FEATURE:1cxx_rvalue_references
    Feature record: CXX_FEATURE:1cxx_sizeof_member
    Feature record: CXX_FEATURE:1cxx_static_assert
    Feature record: CXX_FEATURE:1cxx_strong_enums
    Feature record: CXX_FEATURE:1cxx_template_template_parameters
    Feature record: CXX_FEATURE:1cxx_thread_local
    Feature record: CXX_FEATURE:1cxx_trailing_return_types
    Feature record: CXX_FEATURE:1cxx_unicode_literals
    Feature record: CXX_FEATURE:1cxx_uniform_initialization
    Feature record: CXX_FEATURE:1cxx_unrestricted_unions
    Feature record: CXX_FEATURE:1cxx_user_literals
    Feature record: CXX_FEATURE:1cxx_variable_templates
    Feature record: CXX_FEATURE:1cxx_variadic_macros
    Feature record: CXX_FEATURE:1cxx_variadic_templates


Detecting CXX [-std=c++14] compiler features compiled with the following output:
Change Dir: /home/zettanux/Desktop/ETHZ/ShapeModelling/gp18-Bobavince/assignment1/Debug/CMakeFiles/CMakeTmp

Run Build Command:"/bin/make" "cmTC_03c76/fast"
/bin/make -f CMakeFiles/cmTC_03c76.dir/build.make CMakeFiles/cmTC_03c76.dir/build
make[1] : on entre dans le répertoire « /home/zettanux/Desktop/ETHZ/ShapeModelling/gp18-Bobavince/assignment1/Debug/CMakeFiles/CMakeTmp »
Building CXX object CMakeFiles/cmTC_03c76.dir/feature_tests.cxx.o
/bin/c++    -std=c++14 -o CMakeFiles/cmTC_03c76.dir/feature_tests.cxx.o -c /home/zettanux/Desktop/ETHZ/ShapeModelling/gp18-Bobavince/assignment1/Debug/CMakeFiles/feature_tests.cxx
Linking CXX executable cmTC_03c76
/usr/bin/cmake -E cmake_link_script CMakeFiles/cmTC_03c76.dir/link.txt --verbose=1
/bin/c++       -rdynamic CMakeFiles/cmTC_03c76.dir/feature_tests.cxx.o  -o cmTC_03c76 
make[1] : on quitte le répertoire « /home/zettanux/Desktop/ETHZ/ShapeModelling/gp18-Bobavince/assignment1/Debug/CMakeFiles/CMakeTmp »


    Feature record: CXX_FEATURE:1cxx_aggregate_default_initializers
    Feature record: CXX_FEATURE:1cxx_alias_templates
    Feature record: CXX_FEATURE:1cxx_alignas
    Feature record: CXX_FEATURE:1cxx_alignof
    Feature record: CXX_FEATURE:1cxx_attributes
    Feature record: CXX_FEATURE:1cxx_attribute_deprecated
    Feature record: CXX_FEATURE:1cxx_auto_type
    Feature record: CXX_FEATURE:1cxx_binary_literals
    Feature record: CXX_FEATURE:1cxx_constexpr
    Feature record: CXX_FEATURE:1cxx_contextual_conversions
    Feature record: CXX_FEATURE:1cxx_decltype
    Feature record: CXX_FEATURE:1cxx_decltype_auto
    Feature record: CXX_FEATURE:1cxx_decltype_incomplete_return_types
    Feature record: CXX_FEATURE:1cxx_default_function_template_args
    Feature record: CXX_FEATURE:1cxx_defaulted_functions
    Feature record: CXX_FEATURE:1cxx_defaulted_move_initializers
    Feature record: CXX_FEATURE:1cxx_delegating_constructors
    Feature record: CXX_FEATURE:1cxx_deleted_functions
    Feature record: CXX_FEATURE:1cxx_digit_separators
    Feature record: CXX_FEATURE:1cxx_enum_forward_declarations
    Feature record: CXX_FEATURE:1cxx_explicit_conversions
    Feature record: CXX_FEATURE:1cxx_extended_friend_declarations
    Feature record: CXX_FEATURE:1cxx_extern_templates
    Feature record: CXX_FEATURE:1cxx_final
    Feature record: CXX_FEATURE:1cxx_func_identifier
    Feature record: CXX_FEATURE:1cxx_generalized_initializers
    Feature record: CXX_FEATURE:1cxx_generic_lambdas
    Feature record: CXX_FEATURE:1cxx_inheriting_constructors
    Feature record: CXX_FEATURE:1cxx_inline_namespaces
    Feature record: CXX_FEATURE:1cxx_lambdas
    Feature record: CXX_FEATURE:1cxx_lambda_init_captures
    Feature record: CXX_FEATURE:1cxx_local_type_template_args
    Feature record: CXX_FEATURE:1cxx_long_long_type
    Feature record: CXX_FEATURE:1cxx_noexcept
    Feature record: CXX_FEATURE:1cxx_nonstatic_member_init
    Feature record: CXX_FEATURE:1cxx_nullptr
    Feature record: CXX_FEATURE:1cxx_override
    Feature record: CXX_FEATURE:1cxx_range_for
    Feature record: CXX_FEATURE:1cxx_raw_string_literals
    Feature record: CXX_FEATURE:1cxx_reference_qualified_functions
    Feature record: CXX_FEATURE:1cxx_relaxed_constexpr
    Feature record: CXX_FEATURE:1cxx_return_type_deduction
    Feature record: CXX_FEATURE:1cxx_right_angle_brackets
    Feature record: CXX_FEATURE:1cxx_rvalue_references
    Feature record: CXX_FEATURE:1cxx_sizeof_member
    Feature record: CXX_FEATURE:1cxx_static_assert
    Feature record: CXX_FEATURE:1cxx_strong_enums
    Feature record: CXX_FEATURE:1cxx_template_template_parameters
    Feature record: CXX_FEATURE:1cxx_thread_local
    Feature record: CXX_FEATURE:1cxx_trailing_return_types
    Feature record: CXX_FEATURE:1cxx_unicode_literals
    Feature record: CXX_FEATURE:1cxx_uniform_initialization
    Feature record: CXX_FEATURE:1cxx_unrestricted_unions
    Feature record: CXX_FEATURE:1cxx_user_literals
    Feature record: CXX_FEATURE:1cxx_variable_templates
    Feature record: CXX_FEATURE:1cxx_variadic_macros
    Feature record: CXX_FEATURE:1cxx_variadic_templates


Detecting CXX [-std=c++11] compiler features compiled with the following output:
Change Dir: /home/zettanux/Desktop/ETHZ/ShapeModelling/gp18-Bobavince/assignment1/Debug/CMakeFiles/CMakeTmp

Run Build Command:"/bin/make" "cmTC_e3304/fast"
/bin/make -f CMakeFiles/cmTC_e3304.dir/build.make CMakeFiles/cmTC_e3304.dir/build
make[1] : on entre dans le répertoire « /home/zettanux/Desktop/ETHZ/ShapeModelling/gp18-Bobavince/assignment1/Debug/CMakeFiles/CMakeTmp »
Building CXX object CMakeFiles/cmTC_e3304.dir/feature_tests.cxx.o
/bin/c++    -std=c++11 -o CMakeFiles/cmTC_e3304.dir/feature_tests.cxx.o -c /home/zettanux/Desktop/ETHZ/ShapeModelling/gp18-Bobavince/assignment1/Debug/CMakeFiles/feature_tests.cxx
Linking CXX executable cmTC_e3304
/usr/bin/cmake -E cmake_link_script CMakeFiles/cmTC_e3304.dir/link.txt --verbose=1
/bin/c++       -rdynamic CMakeFiles/cmTC_e3304.dir/feature_tests.cxx.o  -o cmTC_e3304 
make[1] : on quitte le répertoire « /home/zettanux/Desktop/ETHZ/ShapeModelling/gp18-Bobavince/assignment1/Debug/CMakeFiles/CMakeTmp »


    Feature record: CXX_FEATURE:0cxx_aggregate_default_initializers
    Feature record: CXX_FEATURE:1cxx_alias_templates
    Feature record: CXX_FEATURE:1cxx_alignas
    Feature record: CXX_FEATURE:1cxx_alignof
    Feature record: CXX_FEATURE:1cxx_attributes
    Feature record: CXX_FEATURE:0cxx_attribute_deprecated
    Feature record: CXX_FEATURE:1cxx_auto_type
    Feature record: CXX_FEATURE:0cxx_binary_literals
    Feature record: CXX_FEATURE:1cxx_constexpr
    Feature record: CXX_FEATURE:0cxx_contextual_conversions
    Feature record: CXX_FEATURE:1cxx_decltype
    Feature record: CXX_FEATURE:0cxx_decltype_auto
    Feature record: CXX_FEATURE:1cxx_decltype_incomplete_return_types
    Feature record: CXX_FEATURE:1cxx_default_function_template_args
    Feature record: CXX_FEATURE:1cxx_defaulted_functions
    Feature record: CXX_FEATURE:1cxx_defaulted_move_initializers
    Feature record: CXX_FEATURE:1cxx_delegating_constructors
    Feature record: CXX_FEATURE:1cxx_deleted_functions
    Feature record: CXX_FEATURE:0cxx_digit_separators
    Feature record: CXX_FEATURE:1cxx_enum_forward_declarations
    Feature record: CXX_FEATURE:1cxx_explicit_conversions
    Feature record: CXX_FEATURE:1cxx_extended_friend_declarations
    Feature record: CXX_FEATURE:1cxx_extern_templates
    Feature record: CXX_FEATURE:1cxx_final
    Feature record: CXX_FEATURE:1cxx_func_identifier
    Feature record: CXX_FEATURE:1cxx_generalized_initializers
    Feature record: CXX_FEATURE:0cxx_generic_lambdas
    Feature record: CXX_FEATURE:1cxx_inheriting_constructors
    Feature record: CXX_FEATURE:1cxx_inline_namespaces
    Feature record: CXX_FEATURE:1cxx_lambdas
    Feature record: CXX_FEATURE:0cxx_lambda_init_captures
    Feature record: CXX_FEATURE:1cxx_local_type_template_args
    Feature record: CXX_FEATURE:1cxx_long_long_type
    Feature record: CXX_FEATURE:1cxx_noexcept
    Feature record: CXX_FEATURE:1cxx_nonstatic_member_init
    Feature record: CXX_FEATURE:1cxx_nullptr
    Feature record: CXX_FEATURE:1cxx_override
    Feature record: CXX_FEATURE:1cxx_range_for
    Feature record: CXX_FEATURE:1cxx_raw_string_literals
    Feature record: CXX_FEATURE:1cxx_reference_qualified_functions
    Feature record: CXX_FEATURE:0cxx_relaxed_constexpr
    Feature record: CXX_FEATURE:0cxx_return_type_deduction
    Feature record: CXX_FEATURE:1cxx_right_angle_brackets
    Feature record: CXX_FEATURE:1cxx_rvalue_references
    Feature record: CXX_FEATURE:1cxx_sizeof_member
    Feature record: CXX_FEATURE:1cxx_static_assert
    Feature record: CXX_FEATURE:1cxx_strong_enums
    Feature record: CXX_FEATURE:1cxx_template_template_parameters
    Feature record: CXX_FEATURE:1cxx_thread_local
    Feature record: CXX_FEATURE:1cxx_trailing_return_types
    Feature record: CXX_FEATURE:1cxx_unicode_literals
    Feature record: CXX_FEATURE:1cxx_uniform_initialization
    Feature record: CXX_FEATURE:1cxx_unrestricted_unions
    Feature record: CXX_FEATURE:1cxx_user_literals
    Feature record: CXX_FEATURE:0cxx_variable_templates
    Feature record: CXX_FEATURE:1cxx_variadic_macros
    Feature record: CXX_FEATURE:1cxx_variadic_templates


Detecting CXX [-std=c++98] compiler features compiled with the following output:
Change Dir: /home/zettanux/Desktop/ETHZ/ShapeModelling/gp18-Bobavince/assignment1/Debug/CMakeFiles/CMakeTmp

Run Build Command:"/bin/make" "cmTC_8b635/fast"
/bin/make -f CMakeFiles/cmTC_8b635.dir/build.make CMakeFiles/cmTC_8b635.dir/build
make[1] : on entre dans le répertoire « /home/zettanux/Desktop/ETHZ/ShapeModelling/gp18-Bobavince/assignment1/Debug/CMakeFiles/CMakeTmp »
Building CXX object CMakeFiles/cmTC_8b635.dir/feature_tests.cxx.o
/bin/c++    -std=c++98 -o CMakeFiles/cmTC_8b635.dir/feature_tests.cxx.o -c /home/zettanux/Desktop/ETHZ/ShapeModelling/gp18-Bobavince/assignment1/Debug/CMakeFiles/feature_tests.cxx
Linking CXX executable cmTC_8b635
/usr/bin/cmake -E cmake_link_script CMakeFiles/cmTC_8b635.dir/link.txt --verbose=1
/bin/c++       -rdynamic CMakeFiles/cmTC_8b635.dir/feature_tests.cxx.o  -o cmTC_8b635 
make[1] : on quitte le répertoire « /home/zettanux/Desktop/ETHZ/ShapeModelling/gp18-Bobavince/assignment1/Debug/CMakeFiles/CMakeTmp »


    Feature record: CXX_FEATURE:0cxx_aggregate_default_initializers
    Feature record: CXX_FEATURE:0cxx_alias_templates
    Feature record: CXX_FEATURE:0cxx_alignas
    Feature record: CXX_FEATURE:0cxx_alignof
    Feature record: CXX_FEATURE:0cxx_attributes
    Feature record: CXX_FEATURE:0cxx_attribute_deprecated
    Feature record: CXX_FEATURE:0cxx_auto_type
    Feature record: CXX_FEATURE:0cxx_binary_literals
    Feature record: CXX_FEATURE:0cxx_constexpr
    Feature record: CXX_FEATURE:0cxx_contextual_conversions
    Feature record: CXX_FEATURE:0cxx_decltype
    Feature record: CXX_FEATURE:0cxx_decltype_auto
    Feature record: CXX_FEATURE:0cxx_decltype_incomplete_return_types
    Feature record: CXX_FEATURE:0cxx_default_function_template_args
    Feature record: CXX_FEATURE:0cxx_defaulted_functions
    Feature record: CXX_FEATURE:0cxx_defaulted_move_initializers
    Feature record: CXX_FEATURE:0cxx_delegating_constructors
    Feature record: CXX_FEATURE:0cxx_deleted_functions
    Feature record: CXX_FEATURE:0cxx_digit_separators
    Feature record: CXX_FEATURE:0cxx_enum_forward_declarations
    Feature record: CXX_FEATURE:0cxx_explicit_conversions
    Feature record: CXX_FEATURE:0cxx_extended_friend_declarations
    Feature record: CXX_FEATURE:0cxx_extern_templates
    Feature record: CXX_FEATURE:0cxx_final
    Feature record: CXX_FEATURE:0cxx_func_identifier
    Feature record: CXX_FEATURE:0cxx_generalized_initializers
    Feature record: CXX_FEATURE:0cxx_generic_lambdas
    Feature record: CXX_FEATURE:0cxx_inheriting_constructors
    Feature record: CXX_FEATURE:0cxx_inline_namespaces
    Feature record: CXX_FEATURE:0cxx_lambdas
    Feature record: CXX_FEATURE:0cxx_lambda_init_captures
    Feature record: CXX_FEATURE:0cxx_local_type_template_args
    Feature record: CXX_FEATURE:0cxx_long_long_type
    Feature record: CXX_FEATURE:0cxx_noexcept
    Feature record: CXX_FEATURE:0cxx_nonstatic_member_init
    Feature record: CXX_FEATURE:0cxx_nullptr
    Feature record: CXX_FEATURE:0cxx_override
    Feature record: CXX_FEATURE:0cxx_range_for
    Feature record: CXX_FEATURE:0cxx_raw_string_literals
    Feature record: CXX_FEATURE:0cxx_reference_qualified_functions
    Feature record: CXX_FEATURE:0cxx_relaxed_constexpr
    Feature record: CXX_FEATURE:0cxx_return_type_deduction
    Feature record: CXX_FEATURE:0cxx_right_angle_brackets
    Feature record: CXX_FEATURE:0cxx_rvalue_references
    Feature record: CXX_FEATURE:0cxx_sizeof_member
    Feature record: CXX_FEATURE:0cxx_static_assert
    Feature record: CXX_FEATURE:0cxx_strong_enums
    Feature record: CXX_FEATURE:1cxx_template_template_parameters
    Feature record: CXX_FEATURE:0cxx_thread_local
    Feature record: CXX_FEATURE:0cxx_trailing_return_types
    Feature record: CXX_FEATURE:0cxx_unicode_literals
    Feature record: CXX_FEATURE:0cxx_uniform_initialization
    Feature record: CXX_FEATURE:0cxx_unrestricted_unions
    Feature record: CXX_FEATURE:0cxx_user_literals
    Feature record: CXX_FEATURE:0cxx_variable_templates
    Feature record: CXX_FEATURE:0cxx_variadic_macros
    Feature record: CXX_FEATURE:0cxx_variadic_templates
Determining if the include file pthread.h exists passed with the following output:
Change Dir: /home/zettanux/Desktop/ETHZ/ShapeModelling/gp18-Bobavince/assignment1/Debug/CMakeFiles/CMakeTmp

Run Build Command:"/bin/make" "cmTC_57c69/fast"
/bin/make -f CMakeFiles/cmTC_57c69.dir/build.make CMakeFiles/cmTC_57c69.dir/build
make[1] : on entre dans le répertoire « /home/zettanux/Desktop/ETHZ/ShapeModelling/gp18-Bobavince/assignment1/Debug/CMakeFiles/CMakeTmp »
Building C object CMakeFiles/cmTC_57c69.dir/CheckIncludeFile.c.o
/bin/cc    -o CMakeFiles/cmTC_57c69.dir/CheckIncludeFile.c.o   -c /home/zettanux/Desktop/ETHZ/ShapeModelling/gp18-Bobavince/assignment1/Debug/CMakeFiles/CMakeTmp/CheckIncludeFile.c
Linking C executable cmTC_57c69
/usr/bin/cmake -E cmake_link_script CMakeFiles/cmTC_57c69.dir/link.txt --verbose=1
/bin/cc      -rdynamic CMakeFiles/cmTC_57c69.dir/CheckIncludeFile.c.o  -o cmTC_57c69 
make[1] : on quitte le répertoire « /home/zettanux/Desktop/ETHZ/ShapeModelling/gp18-Bobavince/assignment1/Debug/CMakeFiles/CMakeTmp »


Determining if the function pthread_create exists in the pthread passed with the following output:
Change Dir: /home/zettanux/Desktop/ETHZ/ShapeModelling/gp18-Bobavince/assignment1/Debug/CMakeFiles/CMakeTmp

Run Build Command:"/bin/make" "cmTC_b8909/fast"
/bin/make -f CMakeFiles/cmTC_b8909.dir/build.make CMakeFiles/cmTC_b8909.dir/build
make[1] : on entre dans le répertoire « /home/zettanux/Desktop/ETHZ/ShapeModelling/gp18-Bobavince/assignment1/Debug/CMakeFiles/CMakeTmp »
Building C object CMakeFiles/cmTC_b8909.dir/CheckFunctionExists.c.o
/bin/cc   -DCHECK_FUNCTION_EXISTS=pthread_create   -o CMakeFiles/cmTC_b8909.dir/CheckFunctionExists.c.o   -c /usr/share/cmake-3.10/Modules/CheckFunctionExists.c
Linking C executable cmTC_b8909
/usr/bin/cmake -E cmake_link_script CMakeFiles/cmTC_b8909.dir/link.txt --verbose=1
/bin/cc  -DCHECK_FUNCTION_EXISTS=pthread_create    -rdynamic CMakeFiles/cmTC_b8909.dir/CheckFunctionExists.c.o  -o cmTC_b8909 -lpthread 
make[1] : on quitte le répertoire « /home/zettanux/Desktop/ETHZ/ShapeModelling/gp18-Bobavince/assignment1/Debug/CMakeFiles/CMakeTmp »


Determining if the function XOpenDisplay exists in the /usr/lib/libX11.so;/usr/lib/libXext.so passed with the following output:
Change Dir: /home/zettanux/Desktop/ETHZ/ShapeModelling/gp18-Bobavince/assignment1/Debug/CMakeFiles/CMakeTmp

Run Build Command:"/bin/make" "cmTC_7ec60/fast"
/bin/make -f CMakeFiles/cmTC_7ec60.dir/build.make CMakeFiles/cmTC_7ec60.dir/build
make[1] : on entre dans le répertoire « /home/zettanux/Desktop/ETHZ/ShapeModelling/gp18-Bobavince/assignment1/Debug/CMakeFiles/CMakeTmp »
Building C object CMakeFiles/cmTC_7ec60.dir/CheckFunctionExists.c.o
/bin/cc   -DCHECK_FUNCTION_EXISTS=XOpenDisplay   -o CMakeFiles/cmTC_7ec60.dir/CheckFunctionExists.c.o   -c /usr/share/cmake-3.10/Modules/CheckFunctionExists.c
Linking C executable cmTC_7ec60
/usr/bin/cmake -E cmake_link_script CMakeFiles/cmTC_7ec60.dir/link.txt --verbose=1
/bin/cc  -DCHECK_FUNCTION_EXISTS=XOpenDisplay    -rdynamic CMakeFiles/cmTC_7ec60.dir/CheckFunctionExists.c.o  -o cmTC_7ec60 /usr/lib/libX11.so /usr/lib/libXext.so 
make[1] : on quitte le répertoire « /home/zettanux/Desktop/ETHZ/ShapeModelling/gp18-Bobavince/assignment1/Debug/CMakeFiles/CMakeTmp »


Determining if the function gethostbyname exists passed with the following output:
Change Dir: /home/zettanux/Desktop/ETHZ/ShapeModelling/gp18-Bobavince/assignment1/Debug/CMakeFiles/CMakeTmp

Run Build Command:"/bin/make" "cmTC_1f0d0/fast"
/bin/make -f CMakeFiles/cmTC_1f0d0.dir/build.make CMakeFiles/cmTC_1f0d0.dir/build
make[1] : on entre dans le répertoire « /home/zettanux/Desktop/ETHZ/ShapeModelling/gp18-Bobavince/assignment1/Debug/CMakeFiles/CMakeTmp »
Building C object CMakeFiles/cmTC_1f0d0.dir/CheckFunctionExists.c.o
/bin/cc   -DCHECK_FUNCTION_EXISTS=gethostbyname   -o CMakeFiles/cmTC_1f0d0.dir/CheckFunctionExists.c.o   -c /usr/share/cmake-3.10/Modules/CheckFunctionExists.c
Linking C executable cmTC_1f0d0
/usr/bin/cmake -E cmake_link_script CMakeFiles/cmTC_1f0d0.dir/link.txt --verbose=1
/bin/cc  -DCHECK_FUNCTION_EXISTS=gethostbyname    -rdynamic CMakeFiles/cmTC_1f0d0.dir/CheckFunctionExists.c.o  -o cmTC_1f0d0 
make[1] : on quitte le répertoire « /home/zettanux/Desktop/ETHZ/ShapeModelling/gp18-Bobavince/assignment1/Debug/CMakeFiles/CMakeTmp »


Determining if the function connect exists passed with the following output:
Change Dir: /home/zettanux/Desktop/ETHZ/ShapeModelling/gp18-Bobavince/assignment1/Debug/CMakeFiles/CMakeTmp

Run Build Command:"/bin/make" "cmTC_8b199/fast"
/bin/make -f CMakeFiles/cmTC_8b199.dir/build.make CMakeFiles/cmTC_8b199.dir/build
make[1] : on entre dans le répertoire « /home/zettanux/Desktop/ETHZ/ShapeModelling/gp18-Bobavince/assignment1/Debug/CMakeFiles/CMakeTmp »
Building C object CMakeFiles/cmTC_8b199.dir/CheckFunctionExists.c.o
/bin/cc   -DCHECK_FUNCTION_EXISTS=connect   -o CMakeFiles/cmTC_8b199.dir/CheckFunctionExists.c.o   -c /usr/share/cmake-3.10/Modules/CheckFunctionExists.c
Linking C executable cmTC_8b199
/usr/bin/cmake -E cmake_link_script CMakeFiles/cmTC_8b199.dir/link.txt --verbose=1
/bin/cc  -DCHECK_FUNCTION_EXISTS=connect    -rdynamic CMakeFiles/cmTC_8b199.dir/CheckFunctionExists.c.o  -o cmTC_8b199 
make[1] : on quitte le répertoire « /home/zettanux/Desktop/ETHZ/ShapeModelling/gp18-Bobavince/assignment1/Debug/CMakeFiles/CMakeTmp »


Determining if the function remove exists passed with the following output:
Change Dir: /home/zettanux/Desktop/ETHZ/ShapeModelling/gp18-Bobavince/assignment1/Debug/CMakeFiles/CMakeTmp

Run Build Command:"/bin/make" "cmTC_775f3/fast"
/bin/make -f CMakeFiles/cmTC_775f3.dir/build.make CMakeFiles/cmTC_775f3.dir/build
make[1] : on entre dans le répertoire « /home/zettanux/Desktop/ETHZ/ShapeModelling/gp18-Bobavince/assignment1/Debug/CMakeFiles/CMakeTmp »
Building C object CMakeFiles/cmTC_775f3.dir/CheckFunctionExists.c.o
/bin/cc   -DCHECK_FUNCTION_EXISTS=remove   -o CMakeFiles/cmTC_775f3.dir/CheckFunctionExists.c.o   -c /usr/share/cmake-3.10/Modules/CheckFunctionExists.c
Linking C executable cmTC_775f3
/usr/bin/cmake -E cmake_link_script CMakeFiles/cmTC_775f3.dir/link.txt --verbose=1
/bin/cc  -DCHECK_FUNCTION_EXISTS=remove    -rdynamic CMakeFiles/cmTC_775f3.dir/CheckFunctionExists.c.o  -o cmTC_775f3 
make[1] : on quitte le répertoire « /home/zettanux/Desktop/ETHZ/ShapeModelling/gp18-Bobavince/assignment1/Debug/CMakeFiles/CMakeTmp »


Determining if the function shmat exists passed with the following output:
Change Dir: /home/zettanux/Desktop/ETHZ/ShapeModelling/gp18-Bobavince/assignment1/Debug/CMakeFiles/CMakeTmp

Run Build Command:"/bin/make" "cmTC_a2f5b/fast"
/bin/make -f CMakeFiles/cmTC_a2f5b.dir/build.make CMakeFiles/cmTC_a2f5b.dir/build
make[1] : on entre dans le répertoire « /home/zettanux/Desktop/ETHZ/ShapeModelling/gp18-Bobavince/assignment1/Debug/CMakeFiles/CMakeTmp »
Building C object CMakeFiles/cmTC_a2f5b.dir/CheckFunctionExists.c.o
/bin/cc   -DCHECK_FUNCTION_EXISTS=shmat   -o CMakeFiles/cmTC_a2f5b.dir/CheckFunctionExists.c.o   -c /usr/share/cmake-3.10/Modules/CheckFunctionExists.c
Linking C executable cmTC_a2f5b
/usr/bin/cmake -E cmake_link_script CMakeFiles/cmTC_a2f5b.dir/link.txt --verbose=1
/bin/cc  -DCHECK_FUNCTION_EXISTS=shmat    -rdynamic CMakeFiles/cmTC_a2f5b.dir/CheckFunctionExists.c.o  -o cmTC_a2f5b 
make[1] : on quitte le répertoire « /home/zettanux/Desktop/ETHZ/ShapeModelling/gp18-Bobavince/assignment1/Debug/CMakeFiles/CMakeTmp »


Determining if the function IceConnectionNumber exists in the ICE passed with the following output:
Change Dir: /home/zettanux/Desktop/ETHZ/ShapeModelling/gp18-Bobavince/assignment1/Debug/CMakeFiles/CMakeTmp

Run Build Command:"/bin/make" "cmTC_cd2b2/fast"
/bin/make -f CMakeFiles/cmTC_cd2b2.dir/build.make CMakeFiles/cmTC_cd2b2.dir/build
make[1] : on entre dans le répertoire « /home/zettanux/Desktop/ETHZ/ShapeModelling/gp18-Bobavince/assignment1/Debug/CMakeFiles/CMakeTmp »
Building C object CMakeFiles/cmTC_cd2b2.dir/CheckFunctionExists.c.o
/bin/cc   -DCHECK_FUNCTION_EXISTS=IceConnectionNumber   -o CMakeFiles/cmTC_cd2b2.dir/CheckFunctionExists.c.o   -c /usr/share/cmake-3.10/Modules/CheckFunctionExists.c
Linking C executable cmTC_cd2b2
/usr/bin/cmake -E cmake_link_script CMakeFiles/cmTC_cd2b2.dir/link.txt --verbose=1
/bin/cc  -DCHECK_FUNCTION_EXISTS=IceConnectionNumber    -rdynamic CMakeFiles/cmTC_cd2b2.dir/CheckFunctionExists.c.o  -o cmTC_cd2b2 -lICE 
make[1] : on quitte le répertoire « /home/zettanux/Desktop/ETHZ/ShapeModelling/gp18-Bobavince/assignment1/Debug/CMakeFiles/CMakeTmp »


Determining if the function glXGetProcAddress exists passed with the following output:
Change Dir: /home/zettanux/Desktop/ETHZ/ShapeModelling/gp18-Bobavince/assignment1/Debug/CMakeFiles/CMakeTmp

Run Build Command:"/bin/make" "cmTC_f43a6/fast"
/bin/make -f CMakeFiles/cmTC_f43a6.dir/build.make CMakeFiles/cmTC_f43a6.dir/build
make[1] : on entre dans le répertoire « /home/zettanux/Desktop/ETHZ/ShapeModelling/gp18-Bobavince/assignment1/Debug/CMakeFiles/CMakeTmp »
Building C object CMakeFiles/cmTC_f43a6.dir/CheckFunctionExists.c.o
/bin/cc   -DCHECK_FUNCTION_EXISTS=glXGetProcAddress   -o CMakeFiles/cmTC_f43a6.dir/CheckFunctionExists.c.o   -c /usr/share/cmake-3.10/Modules/CheckFunctionExists.c
Linking C executable cmTC_f43a6
/usr/bin/cmake -E cmake_link_script CMakeFiles/cmTC_f43a6.dir/link.txt --verbose=1
/bin/cc  -DCHECK_FUNCTION_EXISTS=glXGetProcAddress    -rdynamic CMakeFiles/cmTC_f43a6.dir/CheckFunctionExists.c.o  -o cmTC_f43a6 /usr/lib/libGL.so 
make[1] : on quitte le répertoire « /home/zettanux/Desktop/ETHZ/ShapeModelling/gp18-Bobavince/assignment1/Debug/CMakeFiles/CMakeTmp »


Determining if the function glXGetProcAddressARB exists passed with the following output:
Change Dir: /home/zettanux/Desktop/ETHZ/ShapeModelling/gp18-Bobavince/assignment1/Debug/CMakeFiles/CMakeTmp

Run Build Command:"/bin/make" "cmTC_7b5f1/fast"
/bin/make -f CMakeFiles/cmTC_7b5f1.dir/build.make CMakeFiles/cmTC_7b5f1.dir/build
make[1] : on entre dans le répertoire « /home/zettanux/Desktop/ETHZ/ShapeModelling/gp18-Bobavince/assignment1/Debug/CMakeFiles/CMakeTmp »
Building C object CMakeFiles/cmTC_7b5f1.dir/CheckFunctionExists.c.o
/bin/cc   -DCHECK_FUNCTION_EXISTS=glXGetProcAddressARB   -o CMakeFiles/cmTC_7b5f1.dir/CheckFunctionExists.c.o   -c /usr/share/cmake-3.10/Modules/CheckFunctionExists.c
Linking C executable cmTC_7b5f1
/usr/bin/cmake -E cmake_link_script CMakeFiles/cmTC_7b5f1.dir/link.txt --verbose=1
/bin/cc  -DCHECK_FUNCTION_EXISTS=glXGetProcAddressARB    -rdynamic CMakeFiles/cmTC_7b5f1.dir/CheckFunctionExists.c.o  -o cmTC_7b5f1 /usr/lib/libGL.so 
make[1] : on quitte le répertoire « /home/zettanux/Desktop/ETHZ/ShapeModelling/gp18-Bobavince/assignment1/Debug/CMakeFiles/CMakeTmp »


