Determining if the pthread_create exist failed with the following output:
Change Dir: /home/zettanux/Desktop/ETHZ/ShapeModelling/gp18-Bobavince/assignment1/build/CMakeFiles/CMakeTmp

Run Build Command:"/bin/make" "cmTC_d5766/fast"
/bin/make -f CMakeFiles/cmTC_d5766.dir/build.make CMakeFiles/cmTC_d5766.dir/build
make[1] : on entre dans le répertoire « /home/zettanux/Desktop/ETHZ/ShapeModelling/gp18-Bobavince/assignment1/build/CMakeFiles/CMakeTmp »
Building C object CMakeFiles/cmTC_d5766.dir/CheckSymbolExists.c.o
/bin/cc    -o CMakeFiles/cmTC_d5766.dir/CheckSymbolExists.c.o   -c /home/zettanux/Desktop/ETHZ/ShapeModelling/gp18-Bobavince/assignment1/build/CMakeFiles/CMakeTmp/CheckSymbolExists.c
Linking C executable cmTC_d5766
/usr/bin/cmake -E cmake_link_script CMakeFiles/cmTC_d5766.dir/link.txt --verbose=1
/bin/cc      -rdynamic CMakeFiles/cmTC_d5766.dir/CheckSymbolExists.c.o  -o cmTC_d5766 
CMakeFiles/cmTC_d5766.dir/CheckSymbolExists.c.o : Dans la fonction « main » :
CheckSymbolExists.c:(.text+0x1b) : référence indéfinie vers « pthread_create »
collect2: error: ld a retourné le statut de sortie 1
make[1]: *** [CMakeFiles/cmTC_d5766.dir/build.make:98: cmTC_d5766] Error 1
make[1] : on quitte le répertoire « /home/zettanux/Desktop/ETHZ/ShapeModelling/gp18-Bobavince/assignment1/build/CMakeFiles/CMakeTmp »
make: *** [Makefile:126: cmTC_d5766/fast] Error 2

File /home/zettanux/Desktop/ETHZ/ShapeModelling/gp18-Bobavince/assignment1/build/CMakeFiles/CMakeTmp/CheckSymbolExists.c:
/* */
#include <pthread.h>

int main(int argc, char** argv)
{
  (void)argv;
#ifndef pthread_create
  return ((int*)(&pthread_create))[argc];
#else
  (void)argc;
  return 0;
#endif
}

Determining if the function pthread_create exists in the pthreads failed with the following output:
Change Dir: /home/zettanux/Desktop/ETHZ/ShapeModelling/gp18-Bobavince/assignment1/build/CMakeFiles/CMakeTmp

Run Build Command:"/bin/make" "cmTC_a883d/fast"
/bin/make -f CMakeFiles/cmTC_a883d.dir/build.make CMakeFiles/cmTC_a883d.dir/build
make[1] : on entre dans le répertoire « /home/zettanux/Desktop/ETHZ/ShapeModelling/gp18-Bobavince/assignment1/build/CMakeFiles/CMakeTmp »
Building C object CMakeFiles/cmTC_a883d.dir/CheckFunctionExists.c.o
/bin/cc   -DCHECK_FUNCTION_EXISTS=pthread_create   -o CMakeFiles/cmTC_a883d.dir/CheckFunctionExists.c.o   -c /usr/share/cmake-3.10/Modules/CheckFunctionExists.c
Linking C executable cmTC_a883d
/usr/bin/cmake -E cmake_link_script CMakeFiles/cmTC_a883d.dir/link.txt --verbose=1
/bin/cc  -DCHECK_FUNCTION_EXISTS=pthread_create    -rdynamic CMakeFiles/cmTC_a883d.dir/CheckFunctionExists.c.o  -o cmTC_a883d -lpthreads 
/bin/ld : ne peut trouver -lpthreads
collect2: error: ld a retourné le statut de sortie 1
make[1]: *** [CMakeFiles/cmTC_a883d.dir/build.make:98: cmTC_a883d] Error 1
make[1] : on quitte le répertoire « /home/zettanux/Desktop/ETHZ/ShapeModelling/gp18-Bobavince/assignment1/build/CMakeFiles/CMakeTmp »
make: *** [Makefile:126: cmTC_a883d/fast] Error 2


Determining if the function glXGetProcAddressEXT exists failed with the following output:
Change Dir: /home/zettanux/Desktop/ETHZ/ShapeModelling/gp18-Bobavince/assignment1/build/CMakeFiles/CMakeTmp

Run Build Command:"/bin/make" "cmTC_5a8f3/fast"
/bin/make -f CMakeFiles/cmTC_5a8f3.dir/build.make CMakeFiles/cmTC_5a8f3.dir/build
make[1] : on entre dans le répertoire « /home/zettanux/Desktop/ETHZ/ShapeModelling/gp18-Bobavince/assignment1/build/CMakeFiles/CMakeTmp »
Building C object CMakeFiles/cmTC_5a8f3.dir/CheckFunctionExists.c.o
/bin/cc   -DCHECK_FUNCTION_EXISTS=glXGetProcAddressEXT   -o CMakeFiles/cmTC_5a8f3.dir/CheckFunctionExists.c.o   -c /usr/share/cmake-3.10/Modules/CheckFunctionExists.c
Linking C executable cmTC_5a8f3
/usr/bin/cmake -E cmake_link_script CMakeFiles/cmTC_5a8f3.dir/link.txt --verbose=1
/bin/cc  -DCHECK_FUNCTION_EXISTS=glXGetProcAddressEXT    -rdynamic CMakeFiles/cmTC_5a8f3.dir/CheckFunctionExists.c.o  -o cmTC_5a8f3 /usr/lib/libGL.so 
CMakeFiles/cmTC_5a8f3.dir/CheckFunctionExists.c.o : Dans la fonction « main » :
CheckFunctionExists.c:(.text+0x10) : référence indéfinie vers « glXGetProcAddressEXT »
collect2: error: ld a retourné le statut de sortie 1
make[1]: *** [CMakeFiles/cmTC_5a8f3.dir/build.make:99: cmTC_5a8f3] Error 1
make[1] : on quitte le répertoire « /home/zettanux/Desktop/ETHZ/ShapeModelling/gp18-Bobavince/assignment1/build/CMakeFiles/CMakeTmp »
make: *** [Makefile:126: cmTC_5a8f3/fast] Error 2


